lecture2/RadioButton/app/build/outputs/logs/manifest-merger-release-report.txt
-- Merging decision tree log ---
manifest
ADDED from src/main/AndroidManifest.xml:2:1-29:12
INJECTED from src/main/AndroidManifest.xml:2:1-29:12
INJECTED from src/main/AndroidManifest.xml:2:1-29:12
INJECTED from src/main/AndroidManifest.xml:2:1-29:12
INJECTED from src/main/AndroidManifest.xml:2:1-29:12
	package
		ADDED from src/main/AndroidManifest.xml:3:2-41
	android:versionName
		ADDED from src/main/AndroidManifest.xml:5:2-27
		INJECTED from src/main/AndroidManifest.xml
		INJECTED from src/main/AndroidManifest.xml
	xmlns:android
		ADDED from src/main/AndroidManifest.xml:2:11-69
	android:versionCode
		ADDED from src/main/AndroidManifest.xml:4:2-25
		INJECTED from src/main/AndroidManifest.xml
		INJECTED from src/main/AndroidManifest.xml
supports-screens
ADDED from src/main/AndroidManifest.xml:7:2-11:32
	android:largeScreens
		ADDED from src/main/AndroidManifest.xml:9:3-30
	android:smallScreens
		ADDED from src/main/AndroidManifest.xml:11:3-30
	android:normalScreens
		ADDED from src/main/AndroidManifest.xml:10:3-31
	android:anyDensity
		ADDED from src/main/AndroidManifest.xml:8:3-28
uses-sdk
ADDED from src/main/AndroidManifest.xml:13:2-15:34
	android:targetSdkVersion
		ADDED from src/main/AndroidManifest.xml:15:3-32
	android:minSdkVersion
		ADDED from src/main/AndroidManifest.xml:14:3-28
application
ADDED from src/main/AndroidManifest.xml:17:2-27:16
	android:icon
		ADDED from src/main/AndroidManifest.xml:17:15-51
activity#com.commonsware.android.basic.RadioButtonDemo
ADDED from src/main/AndroidManifest.xml:18:3-26:14
	android:label
		ADDED from src/main/AndroidManifest.xml:20:4-35
	android:name
		ADDED from src/main/AndroidManifest.xml:19:4-35
intent-filter#android.intent.action.MAIN+android.intent.category.LAUNCHER
ADDED from src/main/AndroidManifest.xml:21:4-25:20
action#android.intent.action.MAIN
ADDED from src/main/AndroidManifest.xml:22:5-56
	android:name
		ADDED from src/main/AndroidManifest.xml:22:13-54
category#android.intent.category.LAUNCHER
ADDED from src/main/AndroidManifest.xml:24:5-64
	android:name
		ADDED from src/main/AndroidManifest.xml:24:15-62